<?xml version="1.0" encoding="UTF-8"?>
<!-- Generated by org.testng.reporters.JUnitXMLReporter -->
<testsuite ignored="0" hostname="ASUS" failures="0" tests="4" name="Test" time="94.101" errors="0" timestamp="2025-02-12T16:09:37 IST">
  <testcase classname="com.TestNG.TestNGDataProvider" name="LoginTest" time="66.091"/>
  <testcase classname="com.TestNG.TestNGDataProvider" name="LoginTest" time="10.56"/>
  <testcase classname="com.TestNG.TestNGDataProvider" name="LoginTest" time="10.036"/>
  <testcase classname="com.TestNG.TestNGDataProvider" name="LoginTest" time="7.331"/>
</testsuite> <!-- Test -->
