<?xml version="1.0" encoding="UTF-8"?>
<testng-results ignored="0" total="1" passed="1" failed="0" skipped="0">
  <reporter-output>
  </reporter-output>
  <suite started-at="2025-02-12T19:36:25 IST" name="Default suite" finished-at="2025-02-12T19:36:25 IST" duration-ms="78">
    <groups>
    </groups>
    <test started-at="2025-02-12T19:36:25 IST" name="Default test" finished-at="2025-02-12T19:36:25 IST" duration-ms="78">
      <class name="com.TestNG.Assertions">
        <test-method signature="testAssertion()[pri:0, instance:com.TestNG.Assertions@6a84a97d]" started-at="2025-02-12T19:36:25 IST" name="testAssertion" finished-at="2025-02-12T19:36:25 IST" duration-ms="17" status="PASS">
          <reporter-output>
          </reporter-output>
        </test-method> <!-- testAssertion -->
      </class> <!-- com.TestNG.Assertions -->
    </test> <!-- Default test -->
  </suite> <!-- Default suite -->
</testng-results>
